C:\USERS\HEATHER\DESKTOP\GSP381_COURSEPROJECT_HEATHERWATERS_MYGAME\DEBUG\GSP381_COURSEPROJECT_HEATHERWATERS_BREAKOUT.EXE
C:\USERS\HEATHER\DESKTOP\GSP381_COURSEPROJECT_HEATHERWATERS_MYGAME\DEBUG\GSP381_COURSEPROJECT_HEATHERWATERS_BREAKOUT.ILK
C:\USERS\HEATHER\DESKTOP\GSP381_COURSEPROJECT_HEATHERWATERS_MYGAME\DEBUG\GSP381_COURSEPROJECT_HEATHERWATERS_BREAKOUT.PDB
C:\USERS\HEATHER\DESKTOP\GSP381_COURSEPROJECT_HEATHERWATERS_MYGAME\GSP381_COURSEPROJECT_HEATHERWATERS_BREAKOUT\DEBUG\2DSURFACE.OBJ
C:\USERS\HEATHER\DESKTOP\GSP381_COURSEPROJECT_HEATHERWATERS_MYGAME\GSP381_COURSEPROJECT_HEATHERWATERS_BREAKOUT\DEBUG\CAMERA.OBJ
C:\Users\Heather\Desktop\GSP381_CourseProject_HeatherWaters_MyGame\GSP381_CourseProject_HeatherWaters_Breakout\Debug\cl.command.1.tlog
C:\Users\Heather\Desktop\GSP381_CourseProject_HeatherWaters_MyGame\GSP381_CourseProject_HeatherWaters_Breakout\Debug\CL.read.1.tlog
C:\Users\Heather\Desktop\GSP381_CourseProject_HeatherWaters_MyGame\GSP381_CourseProject_HeatherWaters_Breakout\Debug\CL.write.1.tlog
C:\USERS\HEATHER\DESKTOP\GSP381_COURSEPROJECT_HEATHERWATERS_MYGAME\GSP381_COURSEPROJECT_HEATHERWATERS_BREAKOUT\DEBUG\CREDITS.OBJ
C:\USERS\HEATHER\DESKTOP\GSP381_COURSEPROJECT_HEATHERWATERS_MYGAME\GSP381_COURSEPROJECT_HEATHERWATERS_BREAKOUT\DEBUG\DIRECTSHOW.OBJ
C:\USERS\HEATHER\DESKTOP\GSP381_COURSEPROJECT_HEATHERWATERS_MYGAME\GSP381_COURSEPROJECT_HEATHERWATERS_BREAKOUT\DEBUG\DSUTIL.OBJ
C:\USERS\HEATHER\DESKTOP\GSP381_COURSEPROJECT_HEATHERWATERS_MYGAME\GSP381_COURSEPROJECT_HEATHERWATERS_BREAKOUT\DEBUG\DXMGR.OBJ
C:\USERS\HEATHER\DESKTOP\GSP381_COURSEPROJECT_HEATHERWATERS_MYGAME\GSP381_COURSEPROJECT_HEATHERWATERS_BREAKOUT\DEBUG\DXTEXT.OBJ
C:\USERS\HEATHER\DESKTOP\GSP381_COURSEPROJECT_HEATHERWATERS_MYGAME\GSP381_COURSEPROJECT_HEATHERWATERS_BREAKOUT\DEBUG\DXUTIL.OBJ
C:\USERS\HEATHER\DESKTOP\GSP381_COURSEPROJECT_HEATHERWATERS_MYGAME\GSP381_COURSEPROJECT_HEATHERWATERS_BREAKOUT\DEBUG\FRAMETIMER.OBJ
C:\USERS\HEATHER\DESKTOP\GSP381_COURSEPROJECT_HEATHERWATERS_MYGAME\GSP381_COURSEPROJECT_HEATHERWATERS_BREAKOUT\DEBUG\GAMEMAIN.OBJ
C:\USERS\HEATHER\DESKTOP\GSP381_COURSEPROJECT_HEATHERWATERS_MYGAME\GSP381_COURSEPROJECT_HEATHERWATERS_BREAKOUT\DEBUG\GAMEOVERMENU.OBJ
C:\USERS\HEATHER\DESKTOP\GSP381_COURSEPROJECT_HEATHERWATERS_MYGAME\GSP381_COURSEPROJECT_HEATHERWATERS_BREAKOUT\DEBUG\GIRPLAYER.OBJ
C:\USERS\HEATHER\DESKTOP\GSP381_COURSEPROJECT_HEATHERWATERS_MYGAME\GSP381_COURSEPROJECT_HEATHERWATERS_BREAKOUT\DEBUG\GSP381_COURSEPROJECT_HEATHERWATERS_BREAKOUT.EXE.EMBED.MANIFEST
C:\USERS\HEATHER\DESKTOP\GSP381_COURSEPROJECT_HEATHERWATERS_MYGAME\GSP381_COURSEPROJECT_HEATHERWATERS_BREAKOUT\DEBUG\GSP381_COURSEPROJECT_HEATHERWATERS_BREAKOUT.EXE.EMBED.MANIFEST.RES
C:\USERS\HEATHER\DESKTOP\GSP381_COURSEPROJECT_HEATHERWATERS_MYGAME\GSP381_COURSEPROJECT_HEATHERWATERS_BREAKOUT\DEBUG\GSP381_COURSEPROJECT_HEATHERWATERS_BREAKOUT.EXE.INTERMEDIATE.MANIFEST
C:\Users\Heather\Desktop\GSP381_CourseProject_HeatherWaters_MyGame\GSP381_CourseProject_HeatherWaters_Breakout\Debug\GSP381_CourseProject_HeatherWaters_Breakout_manifest.rc
C:\USERS\HEATHER\DESKTOP\GSP381_COURSEPROJECT_HEATHERWATERS_MYGAME\GSP381_COURSEPROJECT_HEATHERWATERS_BREAKOUT\DEBUG\GUN.OBJ
C:\USERS\HEATHER\DESKTOP\GSP381_COURSEPROJECT_HEATHERWATERS_MYGAME\GSP381_COURSEPROJECT_HEATHERWATERS_BREAKOUT\DEBUG\INPUTMANAGER.OBJ
C:\USERS\HEATHER\DESKTOP\GSP381_COURSEPROJECT_HEATHERWATERS_MYGAME\GSP381_COURSEPROJECT_HEATHERWATERS_BREAKOUT\DEBUG\LIGHTMANAGER.OBJ
C:\Users\Heather\Desktop\GSP381_CourseProject_HeatherWaters_MyGame\GSP381_CourseProject_HeatherWaters_Breakout\Debug\link.1820.read.1.tlog
C:\Users\Heather\Desktop\GSP381_CourseProject_HeatherWaters_MyGame\GSP381_CourseProject_HeatherWaters_Breakout\Debug\link.1820.write.1.tlog
C:\Users\Heather\Desktop\GSP381_CourseProject_HeatherWaters_MyGame\GSP381_CourseProject_HeatherWaters_Breakout\Debug\link.1820-cvtres.read.1.tlog
C:\Users\Heather\Desktop\GSP381_CourseProject_HeatherWaters_MyGame\GSP381_CourseProject_HeatherWaters_Breakout\Debug\link.1820-cvtres.write.1.tlog
C:\Users\Heather\Desktop\GSP381_CourseProject_HeatherWaters_MyGame\GSP381_CourseProject_HeatherWaters_Breakout\Debug\link.2564.read.1.tlog
C:\Users\Heather\Desktop\GSP381_CourseProject_HeatherWaters_MyGame\GSP381_CourseProject_HeatherWaters_Breakout\Debug\link.2564.write.1.tlog
C:\Users\Heather\Desktop\GSP381_CourseProject_HeatherWaters_MyGame\GSP381_CourseProject_HeatherWaters_Breakout\Debug\link.2564-cvtres.read.1.tlog
C:\Users\Heather\Desktop\GSP381_CourseProject_HeatherWaters_MyGame\GSP381_CourseProject_HeatherWaters_Breakout\Debug\link.2564-cvtres.write.1.tlog
C:\Users\Heather\Desktop\GSP381_CourseProject_HeatherWaters_MyGame\GSP381_CourseProject_HeatherWaters_Breakout\Debug\link.2768.read.1.tlog
C:\Users\Heather\Desktop\GSP381_CourseProject_HeatherWaters_MyGame\GSP381_CourseProject_HeatherWaters_Breakout\Debug\link.2768.write.1.tlog
C:\Users\Heather\Desktop\GSP381_CourseProject_HeatherWaters_MyGame\GSP381_CourseProject_HeatherWaters_Breakout\Debug\link.2768-cvtres.read.1.tlog
C:\Users\Heather\Desktop\GSP381_CourseProject_HeatherWaters_MyGame\GSP381_CourseProject_HeatherWaters_Breakout\Debug\link.2768-cvtres.write.1.tlog
C:\Users\Heather\Desktop\GSP381_CourseProject_HeatherWaters_MyGame\GSP381_CourseProject_HeatherWaters_Breakout\Debug\link.4240.read.1.tlog
C:\Users\Heather\Desktop\GSP381_CourseProject_HeatherWaters_MyGame\GSP381_CourseProject_HeatherWaters_Breakout\Debug\link.4240.write.1.tlog
C:\Users\Heather\Desktop\GSP381_CourseProject_HeatherWaters_MyGame\GSP381_CourseProject_HeatherWaters_Breakout\Debug\link.4240-cvtres.read.1.tlog
C:\Users\Heather\Desktop\GSP381_CourseProject_HeatherWaters_MyGame\GSP381_CourseProject_HeatherWaters_Breakout\Debug\link.4240-cvtres.write.1.tlog
C:\Users\Heather\Desktop\GSP381_CourseProject_HeatherWaters_MyGame\GSP381_CourseProject_HeatherWaters_Breakout\Debug\link.7036.read.1.tlog
C:\Users\Heather\Desktop\GSP381_CourseProject_HeatherWaters_MyGame\GSP381_CourseProject_HeatherWaters_Breakout\Debug\link.7036.write.1.tlog
C:\Users\Heather\Desktop\GSP381_CourseProject_HeatherWaters_MyGame\GSP381_CourseProject_HeatherWaters_Breakout\Debug\link.7036-cvtres.read.1.tlog
C:\Users\Heather\Desktop\GSP381_CourseProject_HeatherWaters_MyGame\GSP381_CourseProject_HeatherWaters_Breakout\Debug\link.7036-cvtres.write.1.tlog
C:\Users\Heather\Desktop\GSP381_CourseProject_HeatherWaters_MyGame\GSP381_CourseProject_HeatherWaters_Breakout\Debug\link.command.1.tlog
C:\Users\Heather\Desktop\GSP381_CourseProject_HeatherWaters_MyGame\GSP381_CourseProject_HeatherWaters_Breakout\Debug\link.read.1.tlog
C:\Users\Heather\Desktop\GSP381_CourseProject_HeatherWaters_MyGame\GSP381_CourseProject_HeatherWaters_Breakout\Debug\link.write.1.tlog
C:\Users\Heather\Desktop\GSP381_CourseProject_HeatherWaters_MyGame\GSP381_CourseProject_HeatherWaters_Breakout\Debug\link-cvtres.read.1.tlog
C:\Users\Heather\Desktop\GSP381_CourseProject_HeatherWaters_MyGame\GSP381_CourseProject_HeatherWaters_Breakout\Debug\link-cvtres.write.1.tlog
C:\USERS\HEATHER\DESKTOP\GSP381_COURSEPROJECT_HEATHERWATERS_MYGAME\GSP381_COURSEPROJECT_HEATHERWATERS_BREAKOUT\DEBUG\MAINMENU.OBJ
C:\USERS\HEATHER\DESKTOP\GSP381_COURSEPROJECT_HEATHERWATERS_MYGAME\GSP381_COURSEPROJECT_HEATHERWATERS_BREAKOUT\DEBUG\MODEL.OBJ
C:\Users\Heather\Desktop\GSP381_CourseProject_HeatherWaters_MyGame\GSP381_CourseProject_HeatherWaters_Breakout\Debug\mt.command.1.tlog
C:\Users\Heather\Desktop\GSP381_CourseProject_HeatherWaters_MyGame\GSP381_CourseProject_HeatherWaters_Breakout\Debug\mt.read.1.tlog
C:\Users\Heather\Desktop\GSP381_CourseProject_HeatherWaters_MyGame\GSP381_CourseProject_HeatherWaters_Breakout\Debug\mt.write.1.tlog
C:\USERS\HEATHER\DESKTOP\GSP381_COURSEPROJECT_HEATHERWATERS_MYGAME\GSP381_COURSEPROJECT_HEATHERWATERS_BREAKOUT\DEBUG\OPTIONSMENU.OBJ
C:\USERS\HEATHER\DESKTOP\GSP381_COURSEPROJECT_HEATHERWATERS_MYGAME\GSP381_COURSEPROJECT_HEATHERWATERS_BREAKOUT\DEBUG\PADDLECONTROLLER.OBJ
C:\USERS\HEATHER\DESKTOP\GSP381_COURSEPROJECT_HEATHERWATERS_MYGAME\GSP381_COURSEPROJECT_HEATHERWATERS_BREAKOUT\DEBUG\PATHFINDING.OBJ
C:\USERS\HEATHER\DESKTOP\GSP381_COURSEPROJECT_HEATHERWATERS_MYGAME\GSP381_COURSEPROJECT_HEATHERWATERS_BREAKOUT\DEBUG\PIGGIES.OBJ
C:\Users\Heather\Desktop\GSP381_CourseProject_HeatherWaters_MyGame\GSP381_CourseProject_HeatherWaters_Breakout\Debug\rc.command.1.tlog
C:\Users\Heather\Desktop\GSP381_CourseProject_HeatherWaters_MyGame\GSP381_CourseProject_HeatherWaters_Breakout\Debug\rc.read.1.tlog
C:\Users\Heather\Desktop\GSP381_CourseProject_HeatherWaters_MyGame\GSP381_CourseProject_HeatherWaters_Breakout\Debug\rc.write.1.tlog
C:\USERS\HEATHER\DESKTOP\GSP381_COURSEPROJECT_HEATHERWATERS_MYGAME\GSP381_COURSEPROJECT_HEATHERWATERS_BREAKOUT\DEBUG\ROOM.OBJ
C:\USERS\HEATHER\DESKTOP\GSP381_COURSEPROJECT_HEATHERWATERS_MYGAME\GSP381_COURSEPROJECT_HEATHERWATERS_BREAKOUT\DEBUG\SOUNDMANAGER.OBJ
C:\Users\Heather\Desktop\GSP381_CourseProject_HeatherWaters_MyGame\GSP381_CourseProject_HeatherWaters_Breakout\Debug\vc100.idb
C:\USERS\HEATHER\DESKTOP\GSP381_COURSEPROJECT_HEATHERWATERS_MYGAME\GSP381_COURSEPROJECT_HEATHERWATERS_BREAKOUT\DEBUG\VC100.PDB
C:\USERS\HEATHER\DESKTOP\GSP381_COURSEPROJECT_HEATHERWATERS_MYGAME\GSP381_COURSEPROJECT_HEATHERWATERS_BREAKOUT\DEBUG\WHENPIGSATTACKGAME.OBJ
C:\USERS\HEATHER\DESKTOP\GSP381_COURSEPROJECT_HEATHERWATERS_MYGAME\GSP381_COURSEPROJECT_HEATHERWATERS_BREAKOUT\DEBUG\WINMAIN.OBJ
