Build started 5/18/2013 9:01:33 AM.
     1>Project "C:\Users\Heather\Desktop\GSP410_Core\GSP381_CourseProject_HeatherWaters_Breakout\GSP381_CourseProject_HeatherWaters_Breakout.vcxproj" on node 2 (build target(s)).
     1>InitializeBuildStatus:
         Touching "Debug\GSP381_CourseProject_HeatherWaters_Breakout.unsuccessfulbuild".
       ClCompile:
         All outputs are up-to-date.
       ManifestResourceCompile:
         All outputs are up-to-date.
       Link:
         c:\Program Files\Microsoft Visual Studio 10.0\VC\bin\link.exe /ERRORREPORT:PROMPT /OUT:"C:\Users\Heather\Desktop\GSP410_Core\Debug\GSP381_CourseProject_HeatherWaters_Breakout.exe" /INCREMENTAL /NOLOGO /LIBPATH:"C:\Program Files\Microsoft SDKs\Windows\v7.0A\Lib" /LIBPATH:"C:\Program Files\Microsoft DirectX SDK (June 2010)\Lib\x86" "C:\Program Files\Microsoft SDKs\Windows\v7.0A\Lib\WinMM.Lib" "C:\Program Files\Microsoft SDKs\Windows\v7.0A\Lib\dxguid.Lib" "C:\Program Files\Microsoft SDKs\Windows\v7.0A\Lib\dinput8.Lib" "C:\Program Files\FMOD SoundSystem\FMOD Programmers API Windows\api\lib\fmodex_vc.Lib" "C:\Program Files\Microsoft SDKs\Windows\v7.0A\Lib\strmiids.Lib" kernel32.lib user32.lib gdi32.lib winspool.lib comdlg32.lib advapi32.lib shell32.lib ole32.lib oleaut32.lib uuid.lib odbc32.lib odbccp32.lib /MANIFEST /ManifestFile:"Debug\GSP381_CourseProject_HeatherWaters_Breakout.exe.intermediate.manifest" /MANIFESTUAC:"level='asInvoker' uiAccess='false'" /DEBUG /PDB:"C:\Users\Heather\Desktop\GSP410_Core\Debug\GSP381_CourseProject_HeatherWaters_Breakout.pdb" /SUBSYSTEM:WINDOWS /TLBID:1 /DYNAMICBASE /NXCOMPAT /IMPLIB:"C:\Users\Heather\Desktop\GSP410_Core\Debug\GSP381_CourseProject_HeatherWaters_Breakout.lib" /MACHINE:X86 Debug\GSP381_CourseProject_HeatherWaters_Breakout.exe.embed.manifest.res
         Debug\2dSurface.obj
         Debug\BaseMenu.obj
         Debug\Credits.obj
         Debug\GameState.obj
         Debug\MainMenu.obj
         Debug\Camera.obj
         Debug\DirectShow.obj
         Debug\dsutil.obj
         Debug\dxMgr.obj
         Debug\dxText.obj
         Debug\dxutil.obj
         Debug\FrameTimer.obj
         Debug\InputManager.obj
         Debug\LightManager.obj
         Debug\Model.obj
         Debug\optionsMenu.obj
         Debug\SoundManager.obj
         Debug\winmain.obj
       Manifest:
         C:\Program Files\Microsoft SDKs\Windows\v7.0A\bin\mt.exe /nologo /verbose /out:"Debug\GSP381_CourseProject_HeatherWaters_Breakout.exe.embed.manifest" /manifest Debug\GSP381_CourseProject_HeatherWaters_Breakout.exe.intermediate.manifest
         All outputs are up-to-date.
       LinkEmbedManifest:
         All outputs are up-to-date.
         GSP381_CourseProject_HeatherWaters_Breakout.vcxproj -> C:\Users\Heather\Desktop\GSP410_Core\Debug\GSP381_CourseProject_HeatherWaters_Breakout.exe
       FinalizeBuildStatus:
         Deleting file "Debug\GSP381_CourseProject_HeatherWaters_Breakout.unsuccessfulbuild".
         Touching "Debug\GSP381_CourseProject_HeatherWaters_Breakout.lastbuildstate".
     1>Done Building Project "C:\Users\Heather\Desktop\GSP410_Core\GSP381_CourseProject_HeatherWaters_Breakout\GSP381_CourseProject_HeatherWaters_Breakout.vcxproj" (build target(s)).

Build succeeded.

Time Elapsed 00:00:01.21
